app/build/intermediates/manifest_merge_blame_file/debug/manifest-merger-blame-debug-report.txt
1<?xml version="1.0" encoding="utf-8"?>
2<manifest xmlns:android="http://schemas.android.com/apk/res/android"
3    package="com.turquoise.hotelbookrecomendation"
4    android:versionCode="1"
5    android:versionName="1.0" >
6
7    <uses-sdk
8        android:minSdkVersion="16"
8-->src\main\AndroidManifest.xml
9        android:targetSdkVersion="28" />
9-->src\main\AndroidManifest.xml
10
11    <uses-permission android:name="android.permission.INTERNET" />
11-->src\main\AndroidManifest.xml:23:5-67
11-->src\main\AndroidManifest.xml:23:22-64
12
13    <application
13-->src\main\AndroidManifest.xml:5:5-21:19
14        android:allowBackup="true"
14-->src\main\AndroidManifest.xml:6:9-35
15        android:appComponentFactory="androidx.core.app.CoreComponentFactory"
15-->[androidx.core:core:1.1.0] AndroidManifest.xml:24:18-86
16        android:debuggable="true"
17        android:icon="@mipmap/ic_launcher"
17-->src\main\AndroidManifest.xml:7:9-43
18        android:label="@string/app_name"
18-->src\main\AndroidManifest.xml:8:9-41
19        android:roundIcon="@mipmap/ic_launcher_round"
19-->src\main\AndroidManifest.xml:9:9-54
20        android:supportsRtl="true"
20-->src\main\AndroidManifest.xml:10:9-35
21        android:testOnly="true"
22        android:theme="@style/AppTheme" >
22-->src\main\AndroidManifest.xml:11:9-40
23        <activity android:name="com.turquoise.hotelbookrecomendation.Activities.HotelInfo" />
23-->src\main\AndroidManifest.xml:12:9-67
23-->src\main\AndroidManifest.xml:12:19-55
24        <activity android:name="com.turquoise.hotelbookrecomendation.Activities.MainActivity" />
24-->src\main\AndroidManifest.xml:13:9-61
24-->src\main\AndroidManifest.xml:13:19-58
25        <activity android:name="com.turquoise.hotelbookrecomendation.Activities.LoginActivity" >
25-->src\main\AndroidManifest.xml:14:9-20:20
25-->src\main\AndroidManifest.xml:14:19-59
26            <intent-filter>
26-->src\main\AndroidManifest.xml:15:13-19:29
27                <action android:name="android.intent.action.MAIN" />
27-->src\main\AndroidManifest.xml:16:17-69
27-->src\main\AndroidManifest.xml:16:25-66
28
29                <category android:name="android.intent.category.LAUNCHER" />
29-->src\main\AndroidManifest.xml:18:17-77
29-->src\main\AndroidManifest.xml:18:27-74
30            </intent-filter>
31        </activity>
32
33        <provider
33-->[androidx.lifecycle:lifecycle-process:2.0.0] AndroidManifest.xml:23:9-27:43
34            android:name="androidx.lifecycle.ProcessLifecycleOwnerInitializer"
34-->[androidx.lifecycle:lifecycle-process:2.0.0] AndroidManifest.xml:24:13-79
35            android:authorities="com.turquoise.hotelbookrecomendation.lifecycle-process"
35-->[androidx.lifecycle:lifecycle-process:2.0.0] AndroidManifest.xml:25:13-69
36            android:exported="false"
36-->[androidx.lifecycle:lifecycle-process:2.0.0] AndroidManifest.xml:26:13-37
37            android:multiprocess="true" />
37-->[androidx.lifecycle:lifecycle-process:2.0.0] AndroidManifest.xml:27:13-40
38    </application>
39
40</manifest>